-------------------------------------------------------------------------------
Test set: it.io.openliberty.sample.HealthEndpointIT
-------------------------------------------------------------------------------
Tests run: 3, Failures: 3, Errors: 0, Skipped: 0, Time elapsed: 0.001 s <<< FAILURE! - in it.io.openliberty.sample.HealthEndpointIT
it.io.openliberty.sample.HealthEndpointIT.testHealthEndpoint()  Time elapsed: 0 s  <<< FAILURE!
java.lang.NoClassDefFoundError: javax/ws/rs/client/Client
	at it.io.openliberty.sample.HealthEndpointIT.getResponse(HealthEndpointIT.java:113)
	at it.io.openliberty.sample.HealthEndpointIT.testHealthEndpoint(HealthEndpointIT.java:60)
Caused by: java.lang.ClassNotFoundException: javax.ws.rs.client.Client
	at java.base/jdk.internal.loader.BuiltinClassLoader.loadClass(BuiltinClassLoader.java:583)
	at java.base/jdk.internal.loader.ClassLoaders$AppClassLoader.loadClass(ClassLoaders.java:178)
	at java.base/java.lang.ClassLoader.loadClass(ClassLoader.java:521)
	... 15 more

it.io.openliberty.sample.HealthEndpointIT.testLivenessEndpoint()  Time elapsed: 0 s  <<< FAILURE!
java.lang.NoClassDefFoundError: javax/ws/rs/client/Client
	at it.io.openliberty.sample.HealthEndpointIT.getResponse(HealthEndpointIT.java:113)
	at it.io.openliberty.sample.HealthEndpointIT.testLivenessEndpoint(HealthEndpointIT.java:82)

it.io.openliberty.sample.HealthEndpointIT.testReadinessEndpoint()  Time elapsed: 0 s  <<< FAILURE!
java.lang.NoClassDefFoundError: javax/ws/rs/client/Client
	at it.io.openliberty.sample.HealthEndpointIT.getResponse(HealthEndpointIT.java:113)
	at it.io.openliberty.sample.HealthEndpointIT.testReadinessEndpoint(HealthEndpointIT.java:94)

