<?xml version="1.0" encoding="UTF-8"?>
<testsuite xmlns:xsi="http://www.w3.org/2001/XMLSchema-instance" xsi:noNamespaceSchemaLocation="https://maven.apache.org/surefire/maven-failsafe-plugin/xsd/failsafe-test-report.xsd" name="it.io.openliberty.sample.PropertiesEndpointIT" time="0.003" tests="1" errors="0" skipped="0" failures="1">
  <properties>
[...]
</properties>
  <testcase name="it.io.openliberty.sample.PropertiesEndpointIT.testGetProperties" classname="it.io.openliberty.sample.PropertiesEndpointIT" time="0.001">
    <failure message="javax/ws/rs/client/ClientBuilder" type="java.lang.NoClassDefFoundError">java.lang.NoClassDefFoundError: javax/ws/rs/client/ClientBuilder
	at it.io.openliberty.sample.PropertiesEndpointIT.testGetProperties(PropertiesEndpointIT.java:37)
Caused by: java.lang.ClassNotFoundException: javax.ws.rs.client.ClientBuilder
	at java.base/jdk.internal.loader.BuiltinClassLoader.loadClass(BuiltinClassLoader.java:583)
	at java.base/jdk.internal.loader.ClassLoaders$AppClassLoader.loadClass(ClassLoaders.java:178)
	at java.base/java.lang.ClassLoader.loadClass(ClassLoader.java:521)
	... 14 more
</failure>
  </testcase>
</testsuite>